# JRE version: OpenJDK Runtime Environment Corretto-11.0.17.8.1 (11.0.17+8) (build 11.0.17+8-LTS)
# Java VM: OpenJDK 64-Bit Server VM Corretto-11.0.17.8.1 (11.0.17+8-LTS, mixed mode, tiered, compressed oops, g1 gc, windows-amd64)
Heap:
 garbage-first heap   total 131072K, used 61171K [0x0000000081a00000, 0x0000000100000000)
  region size 1024K, 48 young (49152K), 4 survivors (4096K)
 Metaspace       used 33824K, capacity 34799K, committed 35120K, reserved 1079296K
  class space    used 3935K, capacity 4381K, committed 4480K, reserved 1048576K
GC Heap History (6 events):
Event: 0.591 GC heap before
{Heap before GC invocations=0 (full 0):
 garbage-first heap   total 131072K, used 23552K [0x0000000081a00000, 0x0000000100000000)
  region size 1024K, 24 young (24576K), 0 survivors (0K)
 Metaspace       used 9252K, capacity 9522K, committed 9728K, reserved 1058816K
  class space    used 887K, capacity 963K, committed 1024K, reserved 1048576K
}
Event: 0.595 GC heap after
{Heap after GC invocations=1 (full 0):
 garbage-first heap   total 131072K, used 4279K [0x0000000081a00000, 0x0000000100000000)
  region size 1024K, 3 young (3072K), 3 survivors (3072K)
 Metaspace       used 9252K, capacity 9522K, committed 9728K, reserved 1058816K
  class space    used 887K, capacity 963K, committed 1024K, reserved 1048576K
}
Event: 1.301 GC heap before
{Heap before GC invocations=1 (full 0):
 garbage-first heap   total 131072K, used 39095K [0x0000000081a00000, 0x0000000100000000)
  region size 1024K, 39 young (39936K), 3 survivors (3072K)
 Metaspace       used 20543K, capacity 21141K, committed 21296K, reserved 1069056K
  class space    used 2372K, capacity 2643K, committed 2688K, reserved 1048576K
}
Event: 1.309 GC heap after
{Heap after GC invocations=2 (full 0):
 garbage-first heap   total 131072K, used 9775K [0x0000000081a00000, 0x0000000100000000)
  region size 1024K, 9 young (9216K), 9 survivors (9216K)
 Metaspace       used 20543K, capacity 21141K, committed 21296K, reserved 1069056K
  class space    used 2372K, capacity 2643K, committed 2688K, reserved 1048576K
}
Event: 12.080 GC heap before
{Heap before GC invocations=3 (full 0):
 garbage-first heap   total 131072K, used 51759K [0x0000000081a00000, 0x0000000100000000)
  region size 1024K, 47 young (48128K), 9 survivors (9216K)
 Metaspace       used 30842K, capacity 31762K, committed 32048K, reserved 1077248K
  class space    used 3712K, capacity 4108K, committed 4224K, reserved 1048576K
}
Event: 12.089 GC heap after
{Heap after GC invocations=4 (full 0):
 garbage-first heap   total 131072K, used 17139K [0x0000000081a00000, 0x0000000100000000)
  region size 1024K, 4 young (4096K), 4 survivors (4096K)
 Metaspace       used 30842K, capacity 31762K, committed 32048K, reserved 1077248K
  class space    used 3712K, capacity 4108K, committed 4224K, reserved 1048576K
}

